make.exe all --dry-run --always-make --keep-going --print-directory
make: Entering directory '/d/Git/3dPlayground'
make -C ./Extern/glad
make[1]: Entering directory '/d/Git/3dPlayground/Extern/glad'
gcc -g -MMD -I/d/Git/3dPlayground/Extern/glad/include -c -o /d/Git/3dPlayground/Extern/glad/obj/glad.o /d/Git/3dPlayground/Extern/glad/src/glad.c
gcc-ar  rcs /d/Git/3dPlayground/Extern/glad/lib/glad.a /d/Git/3dPlayground/Extern/glad/obj/glad.o  
make[1]: Leaving directory '/d/Git/3dPlayground/Extern/glad'
make -C ./3dPlayground-Core
make[1]: Entering directory '/d/Git/3dPlayground/3dPlayground-Core'
gcc -std=c++17 -g -MMD -I/d/Git/3dPlayground/3dPlayground-Core/includes -I/d/Git/3dPlayground/3dPlayground-Core/../Extern/glad/include -c -o /d/Git/3dPlayground/3dPlayground-Core/obj/3dPlayground-Core/application.o /d/Git/3dPlayground/3dPlayground-Core/src/3dPlayground-Core/application.cpp
gcc -std=c++17 -g -MMD -I/d/Git/3dPlayground/3dPlayground-Core/includes -I/d/Git/3dPlayground/3dPlayground-Core/../Extern/glad/include -c -o /d/Git/3dPlayground/3dPlayground-Core/obj/3dPlayground-Core/enable-desableOpenGL.o /d/Git/3dPlayground/3dPlayground-Core/src/3dPlayground-Core/enable-desableOpenGL.cpp
gcc-ar  rcs /d/Git/3dPlayground/3dPlayground-Core/lib/3dPlayground-Core/3dPlayground-Core.a /d/Git/3dPlayground/3dPlayground-Core/obj/3dPlayground-Core/application.o /d/Git/3dPlayground/3dPlayground-Core/obj/3dPlayground-Core/enable-desableOpenGL.o  
make[1]: Leaving directory '/d/Git/3dPlayground/3dPlayground-Core'
make -C ./Player
 
make[1]: Entering directory '/d/Git/3dPlayground/Player'
g++ -std=c++17 -g -MMD -I/d/Git/3dPlayground/Player/includes -I/d/Git/3dPlayground/Player/../3dPlayground-Core/includes -I/d/Git/3dPlayground/Player/../Extern/glad/include -c -o /d/Git/3dPlayground/Player/obj/main.o /d/Git/3dPlayground/Player/src/main.cpp
g++ -std=c++17 -g -MMD -I/d/Git/3dPlayground/Player/includes -I/d/Git/3dPlayground/Player/../3dPlayground-Core/includes -I/d/Git/3dPlayground/Player/../Extern/glad/include -c -o /d/Git/3dPlayground/Player/obj/playerApp.o /d/Git/3dPlayground/Player/src/playerApp.cpp
g++ -static -o /d/Git/3dPlayground/Player/bin/player.exe /d/Git/3dPlayground/Player/obj/main.o /d/Git/3dPlayground/Player/obj/playerApp.o /d/Git/3dPlayground/Player/../3dPlayground-Core/lib/3dPlayground-Core/3dPlayground-Core.a /d/Git/3dPlayground/Player/../Extern/glad/lib/glad.a -lgdi32 -lglu32 -lopengl32
make[1]: Leaving directory '/d/Git/3dPlayground/Player'
make: Leaving directory '/d/Git/3dPlayground'
 
