make.exe all --print-data-base --no-builtin-variables --no-builtin-rules --question
# GNU Make 3.82.90
# Built for i686-pc-mingw32
# Copyright (C) 1988-2012 Free Software Foundation, Inc.
# License GPLv3+: GNU GPL version 3 or later <http://gnu.org/licenses/gpl.html>
# This is free software: you are free to change and redistribute it.
# There is NO WARRANTY, to the extent permitted by law.
 

# Make data base, printed on Sat Jan 28 16:27:33 2023

# Variables

# automatic
<D = $(patsubst %/,%,$(patsubst %\,%,$(dir $<)))
# automatic
?F = $(notdir $?)
# default
.SHELLFLAGS := -c
# makefile
MAKEFLAGS = Rrqp
# environment
VSCODE_LOG_NATIVE = false
# automatic
?D = $(patsubst %/,%,$(patsubst %\,%,$(dir $?)))
# automatic
@D = $(patsubst %/,%,$(patsubst %\,%,$(dir $@)))
# environment
HOMEDRIVE = C:
# automatic
@F = $(notdir $@)
# automatic
^D = $(patsubst %/,%,$(patsubst %\,%,$(dir $^)))
# makefile
CURDIR := d:/Git/3dPlayground
# default
SHELL := sh.exe
# environment
WINDIR = C:\Windows
# environment
VSCODE_NLS_CONFIG = {"locale":"ru","availableLanguages":{"*":"ru"},"_languagePackId":"6c87e287770fa80b3245e0a037b935fb.ru","_translationsConfigFile":"C:\\Users\\Geo\\AppData\\Roaming\\Code\\clp\\6c87e287770fa80b3245e0a037b935fb.ru\\tcf.json","_cacheRoot":"C:\\Users\\Geo\\AppData\\Roaming\\Code\\clp\\6c87e287770fa80b3245e0a037b935fb.ru","_resolvedLanguagePackCoreLocation":"C:\\Users\\Geo\\AppData\\Roaming\\Code\\clp\\6c87e287770fa80b3245e0a037b935fb.ru\\c3511e6c69bb39013c4a4b7b9566ec1ca73fc4d5","_corruptedFile":"C:\\Users\\Geo\\AppData\\Roaming\\Code\\clp\\6c87e287770fa80b3245e0a037b935fb.ru\\corrupted.info","_languagePackSupport":true}
# environment
FP_NO_HOST_CHECK = NO
# environment
VBOX_MSI_INSTALL_PATH = C:\Program Files\Oracle\VirtualBox\
# environment
ONEDRIVE = C:\Users\Geo\OneDrive
# environment
PATHEXT = .COM;.EXE;.BAT;.CMD;.VBS;.VBE;.JS;.JSE;.WSF;.WSH;.MSC
# makefile (from 'Player/Makefile', line 1)
MAKEFILE_LIST :=  Makefile 3dPlayground-Core/Makefile Player/Makefile
# environment
TMP = C:\Users\Geo\AppData\Local\Temp
# environment
VSCODE_VERBOSE_LOGGING = true
# environment
PROGRAMW6432 = C:\Program Files
# environment
VS100COMNTOOLS = C:\Program Files (x86)\Microsoft Visual Studio 10.0\Common7\Tools\
# environment
PROGRAMDATA = C:\ProgramData
# environment
VSCODE_IPC_HOOK_EXTHOST = \\.\pipe\vscode-ipc-6640b4e4-1b6e-4f96-8046-2642417b6cc1-sock
# environment
VSCODE_CWD = C:\Users\Geo\AppData\Local\Programs\Microsoft VS Code\_
# environment
PATH = C:\Program Files (x86)\Common Files\Oracle\Java\javapath;C:\Windows\system32;C:\Windows;C:\Windows\System32\Wbem;C:\Windows\System32\WindowsPowerShell\v1.0\;C:\Program Files\Broadcom\Broadcom 802.11 Network Adapter\Driver;C:\Program Files\UniConvertor-2.0rc4\;C:\Program Files\sK1-2.0rc5\;C:\Program Files (x86)\QuickTime\QTSystem\;C:\Program Files\Microsoft Windows Performance Toolkit\;C:\Program Files\dotnet\;C:\Program Files\Microsoft SQL Server\130\Tools\Binn\;C:\Program Files (x86)\dotnet\;C:\Program Files\Git\cmd;C:\Program Files (x86)\Microsoft SQL Server\100\Tools\Binn\;C:\Program Files (x86)\Microsoft SQL Server\100\DTS\Binn\;C:\Program Files (x86)\CodeBlocks\MinGW\bin;C:\Program Files\Inkscape\bin;C:\Program Files\Microsoft VS Code\bin;C:\Users\Geo\.dotnet\tools;C:\Users\Geo\AppData\Local\Programs\Microsoft VS Code\bin
# environment
COMMONPROGRAMW6432 = C:\Program Files\Common Files
# environment
PROCESSOR_ARCHITECTURE = x86
# environment
USERPROFILE = C:\Users\Geo
# environment
ALLUSERSPROFILE = C:\ProgramData
# environment
VSCODE_LOG_STACK = false
# environment
NUMBER_OF_PROCESSORS = 4
# environment
ELECTRON_RUN_AS_NODE = 1
# default
.FEATURES := target-specific order-only second-expansion else-if shortest-stem undefine oneshell archives jobserver
# automatic
%F = $(notdir $%)
# automatic
*F = $(notdir $*)
# environment
CHROME_CRASHPAD_PIPE_NAME = \\.\pipe\crashpad_2596_JVDCALJZJPHOHFMO
# environment
VSCODE_PIPE_LOGGING = true
# environment
COMPUTERNAME = GEONOTE
# environment
PROGRAMFILES = C:\Program Files (x86)
# environment
ORIGINAL_XDG_CURRENT_DESKTOP = undefined
# environment
USERNAME = Geo
# environment
PUBLIC = C:\Users\Public
# environment
VSCODE_AMD_ENTRYPOINT = vs/workbench/api/node/extensionHostProcess
# environment
CATNOSTARTDOCUMENT = Yes
# environment
VS90COMNTOOLS = C:\Program Files (x86)\Microsoft Visual Studio 9.0\Common7\Tools\
# environment
VSCODE_CODE_CACHE_PATH = C:\Users\Geo\AppData\Roaming\Code\CachedData\c3511e6c69bb39013c4a4b7b9566ec1ca73fc4d5
# environment
APPLICATION_INSIGHTS_NO_DIAGNOSTIC_CHANNEL = 1
# environment
COMMONPROGRAMFILES = C:\Program Files (x86)\Common Files
# environment
LOGONSERVER = \\GEONOTE
# environment
VSCODE_HANDLES_UNCAUGHT_ERRORS = true
# environment
USERDOMAIN = GeoNote
# environment
MAKELEVEL := 0
# default
MAKE = $(MAKE_COMMAND)
# default
MAKECMDGOALS := all
# environment
JAVA_HOME = C:\Program Files\Java\jre1.8.0_211
# default
MAKE_VERSION := 3.82.90
# makefile
.DEFAULT_GOAL := 
# environment
CLASSPATH = .;C:\Program Files (x86)\QuickTime\QTSystem\QTJava.zip
# environment
PROGRAMFILES(X86) = C:\Program Files (x86)
# automatic
%D = $(patsubst %/,%,$(patsubst %\,%,$(dir $%)))
# environment
LOCALAPPDATA = C:\Users\Geo\AppData\Local
# environment
PSMODULEPATH = C:\Windows\system32\WindowsPowerShell\v1.0\Modules\
# default
MAKE_COMMAND := make.exe
# environment
PROCESSOR_ARCHITEW6432 = AMD64
# default
.VARIABLES := 
# environment
ILBDIR = C:\Program Files (x86)\Common Files\Autodesk Shared\Materials\
# environment
PROCESSOR_IDENTIFIER = Intel64 Family 6 Model 37 Stepping 5, GenuineIntel
# environment
OS = Windows_NT
# environment
VSCODE_IPC_HOOK = \\.\pipe\8632cf4118be1cebedfc3795154b6762-1.67.2-main-sock
# environment
QTJAVA = C:\Program Files (x86)\QuickTime\QTSystem\QTJava.zip
# environment
HOMEPATH = \Users\Geo
# environment
COMMONPROGRAMFILES(X86) = C:\Program Files (x86)\Common Files
# environment
PROMPT = $P$G
# environment
MFLAGS = -Rrqp
# automatic
*D = $(patsubst %/,%,$(patsubst %\,%,$(dir $*)))
# environment
SYSTEMROOT = C:\Windows
# automatic
+D = $(patsubst %/,%,$(patsubst %\,%,$(dir $+)))
# automatic
+F = $(notdir $+)
# environment
APPDATA = C:\Users\Geo\AppData\Roaming
# environment
TEMP = C:\Users\Geo\AppData\Local\Temp
# environment
COMSPEC = C:\Windows\system32\cmd.exe
# default
MAKEFILES := 
# automatic
<F = $(notdir $<)
# environment
LC_ALL = C
# automatic
^F = $(notdir $^)
# default
SUFFIXES := 
# environment
SYSTEMDRIVE = C:
# environment
SESSIONNAME = Console
# environment
PROCESSOR_REVISION = 2505
# default
.RECIPEPREFIX := 
# environment
LANG = C
# environment
PROCESSOR_LEVEL = 6
# environment
VSCODE_PID = 2596
# environment
CM2013DIR = C:\Program Files (x86)\Common Files\Autodesk Shared\Materials\
# environment
USERDOMAIN_ROAMINGPROFILE = GeoNote
# variable set hash-table stats:
# Load=97/1024=9%, Rehash=0, Collisions=12/118=10%

# Pattern-specific Variable Values

# No pattern-specific variable values.

# Directories

# C:\Program Files\Microsoft Windows Performance Toolkit\ (key C:/Program Files/Microsoft Windows Performance Toolkit/, mtime 1583443398): 37 files, no impossibilities.
# C:\Program Files\sK1-2.0rc5\ (key C:/Program Files/sK1-2.0rc5/, mtime 1562589760): 7 files, no impossibilities.
# C:\Windows\System32\WindowsPowerShell\v1.0\ (key C:/Windows/System32/WindowsPowerShell/v1.0/, mtime 1562514383): 24 files, no impossibilities.
# . (key d:/Git/3dPlayground, mtime 1674916860): 8 files, no impossibilities.
# C:\Program Files (x86)\CodeBlocks\MinGW\bin (key C:/Program Files (x86)/CodeBlocks/MinGW/bin, mtime 1640727200): 56 files, no impossibilities.
# C:\Program Files (x86)\Common Files\Oracle\Java\javapath (key C:/Program Files (x86)/Common Files/Oracle/Java/javapath, mtime 1579726262): 5 files, no impossibilities.
# C:\Program Files (x86)\dotnet\ (key C:/Program Files (x86)/dotnet/, mtime 1652645142): 8 files, no impossibilities.
# C:\Program Files (x86)\Microsoft SQL Server\100\DTS\Binn\ (key C:/Program Files (x86)/Microsoft SQL Server/100/DTS/Binn/, mtime 1631477885): 38 files, no impossibilities.
# C:\Program Files\Git\cmd (key C:/Program Files/Git/cmd, mtime 1631125903): 8 files, no impossibilities.
# C:\Windows (key C:/Windows, mtime 1674253143): 157 files, no impossibilities.
# C:\Program Files\Inkscape\bin (key C:/Program Files/Inkscape/bin, mtime 1650059741): 131 files, no impossibilities.
# C:\Program Files\Microsoft SQL Server\130\Tools\Binn\ (key C:/Program Files/Microsoft SQL Server/130/Tools/Binn/, mtime 1616108372): 4 files, no impossibilities.
# C:\Program Files\Broadcom\Broadcom 802.11 Network Adapter\Driver: could not be stat'd.
# C:\Windows\System32\Wbem (key C:/Windows/System32/Wbem, mtime 1572918525): 155 files, no impossibilities.
# C:\Program Files (x86)\Microsoft SQL Server\100\Tools\Binn\ (key C:/Program Files (x86)/Microsoft SQL Server/100/Tools/Binn/, mtime 1631477942): 29 files, no impossibilities.
# C:\Program Files\dotnet\ (key C:/Program Files/dotnet/, mtime 1652622101): 11 files, no impossibilities.
# C:\Program Files (x86)\QuickTime\QTSystem\ (key C:/Program Files (x86)/QuickTime/QTSystem/, mtime 1564923929): 65 files, no impossibilities.
# C:\Windows\system32 (key C:/Windows/system32, mtime 1673800279): 2525 files, no impossibilities.
# C:\Program Files\Microsoft VS Code\bin (key C:/Program Files/Microsoft VS Code/bin, mtime 1652472420): 4 files, no impossibilities.
# C:\Program Files\UniConvertor-2.0rc4\ (key C:/Program Files/UniConvertor-2.0rc4/, mtime 1562589308): 8 files, no impossibilities.
# C:\Users\Geo\AppData\Local\Programs\Microsoft VS Code\bin: could not be stat'd.
# C:\Users\Geo\.dotnet\tools: could not be stat'd.

# 3280 files, no impossibilities in 22 directories.

# Implicit Rules

# No implicit rules.

# Files

# Not a target:
all:
#  Command line target.
#  Implicit rule search has been done.
#  File does not exist.
#  File has not been updated.

# Not a target:
Player/Makefile:
#  Implicit rule search has been done.
#  Last modified 2023-01-28 16:12:37
#  File has been updated.
#  Successfully updated.

# Not a target:
.SUFFIXES:
#  Implicit rule search has not been done.
#  Modification time never checked.
#  File has not been updated.

# Not a target:
Makefile:
#  Implicit rule search has been done.
#  Last modified 2023-01-28 16:12:56
#  File has been updated.
#  Successfully updated.

# Not a target:
.DEFAULT:
#  Implicit rule search has not been done.
#  Modification time never checked.
#  File has not been updated.

# Not a target:
3dPlayground-Core/Makefile:
#  Implicit rule search has been done.
#  Last modified 2023-01-28 16:12:44
#  File has been updated.
#  Successfully updated.

# files hash-table stats:
# Load=6/1024=1%, Rehash=0, Collisions=0/18=0%
# VPATH Search Paths

# No 'vpath' search paths.

# No general ('VPATH' variable) search path.

# strcache buffers: 6 (5) / strings = 3224 / storage = 45330 B / avg = 14 B
# current buf: size = 8174 B / used = 4500 B / count = 250 / avg = 18 B
# other used: total = 37156 B / count = 2974 / avg = 12 B
# other free: total = 40 B / max = 10 B / min = 2 B / avg = 8 B

# strcache performance: lookups = 3311 / hit rate = 2%
# hash-table stats:
# Load=3224/8192=39%, Rehash=0, Collisions=939/3311=28%
# Finished Make data base on Sat Jan 28 16:27:33 2023

 
make.exe: *** No rule to make target 'all'.  Stop.

